[2024-01-09 19:14:42] [Render thread INFO] CustomSkinLoader 14.13-SNAPSHOT-278
[2024-01-09 19:14:42] [Render thread INFO] DataDir: A:\Modserver\.minecraft\versions\LappIt！\CustomSkinLoader
[2024-01-09 19:14:42] [Render thread INFO] Operating System: Windows 10 (amd64) version 10.0
[2024-01-09 19:14:42] [Render thread INFO] Java Version: 1.8.0_341, Oracle Corporation
[2024-01-09 19:14:42] [Render thread INFO] Java VM Version: Java HotSpot(TM) 64-Bit Server VM (mixed mode), Oracle Corporation
[2024-01-09 19:14:42] [Render thread INFO] Minecraft: 1.16.5(1.16.5)
[2024-01-09 19:14:42] [Render thread INFO] Config File: A:\Modserver\.minecraft\versions\LappIt！\CustomSkinLoader\CustomSkinLoader.json
[2024-01-09 19:14:42] [Render thread INFO] Try to load config.
[2024-01-09 19:14:42] [Render thread INFO] Successfully load config.
[2024-01-09 19:14:42] [Render thread INFO] Add a profile loader: MojangAPI
[2024-01-09 19:14:42] [Render thread INFO] Add a profile loader: Legacy
[2024-01-09 19:14:42] [Render thread INFO] Add a profile loader: CustomSkinAPI
[2024-01-09 19:14:42] [Render thread INFO] Add a profile loader: CustomSKinAPIPlus
[2024-01-09 19:14:42] [Render thread INFO] Add a profile loader: UniSkinAPI
[2024-01-09 19:14:42] [Render thread INFO] Add a profile loader: ElyByAPI
[2024-01-09 19:14:42] [Render thread INFO] Add a profile loader: GlitchlessAPI
[2024-01-09 19:14:42] [Render thread INFO] Successfully update config.
[2024-01-09 19:14:42] [Render thread INFO] version : 14.13
[2024-01-09 19:14:42] [Render thread INFO] buildNumber : 278
[2024-01-09 19:14:42] [Render thread INFO] loadlist : [{ "name": "Mojang", "type": "MojangAPI", "apiRoot": "https://api.mojang.com/", "sessionRoot": "https://sessionserver.mojang.com/" }, { "name": "LittleSkin", "type": "CustomSkinAPI", "root": "https://littlesk.in/csl/" }, { "name": "BlessingSkin", "type": "CustomSkinAPI", "root": "http://skin.prinzeugen.net/" }, { "name": "ElyBy", "type": "ElyByAPI", "root": "http://skinsystem.ely.by/textures/" }, { "name": "SkinMe", "type": "UniSkinAPI", "root": "http://www.skinme.cc/uniskin/" }, { "name": "LocalSkin", "type": "Legacy", "checkPNG": "false", "skin": "LocalSkin/skins/{USERNAME}.png", "model": "auto", "cape": "LocalSkin/capes/{USERNAME}.png", "elytra": "LocalSkin/elytras/{USERNAME}.png" }, { "name": "GlitchlessGames", "type": "GlitchlessAPI", "root": "https://games.glitchless.ru/api/minecraft/users/profiles/textures/?nickname=" }]
[2024-01-09 19:14:42] [Render thread INFO] enableDynamicSkull : true
[2024-01-09 19:14:42] [Render thread INFO] enableTransparentSkin : true
[2024-01-09 19:14:42] [Render thread INFO] forceIgnoreHttpsCertificate : false
[2024-01-09 19:14:42] [Render thread INFO] forceLoadAllTextures : false
[2024-01-09 19:14:42] [Render thread INFO] enableCape : true
[2024-01-09 19:14:42] [Render thread INFO] forceFillSkullNBT : false
[2024-01-09 19:14:42] [Render thread INFO] threadPoolSize : 3
[2024-01-09 19:14:42] [Render thread INFO] retryTime : 1
[2024-01-09 19:14:42] [Render thread INFO] cacheExpiry : 30
[2024-01-09 19:14:42] [Render thread INFO] forceUpdateSkull : false
[2024-01-09 19:14:42] [Render thread INFO] enableLocalProfileCache : false
[2024-01-09 19:14:42] [Render thread INFO] enableCacheAutoClean : false
[2024-01-09 19:14:42] [Render thread INFO] forceDisableCache : false
[2024-01-09 19:29:35] [francoisifrig INFO] Loading francoisifrig's profile.
[2024-01-09 19:29:35] [francoisifrig INFO] 1/7 Try to load profile from 'Mojang'.
[2024-01-09 19:29:35] [francoisifrig INFO] Default profile will be used.
[2024-01-09 19:29:35] [francoisifrig INFO] francoisifrig's profile loaded.
[2024-01-09 19:29:35] [francoisifrig INFO] (SkinUrl: http://textures.minecraft.net/texture/7df9a02b2756e1f078dbfe203fb3553df97a7f0dd6f18113fd91d0a4fb3ec28d , Model: slim , CapeUrl: http://textures.minecraft.net/texture/2340c0e03dd24a11b15a8b33c2a7e9e32abb2051b2481d0ba7defd635ca7a933  , Expiry: 1704799805)
[2024-01-09 19:29:35] [pool-7-thread-1 DEBUG] Try to request 'http://textures.minecraft.net/texture/7df9a02b2756e1f078dbfe203fb3553df97a7f0dd6f18113fd91d0a4fb3ec28d'.
[2024-01-09 19:29:35] [pool-7-thread-1 DEBUG] Successfully request (Response Code: 200 , Content Length: 3213)
[2024-01-09 19:29:35] [pool-7-thread-1 DEBUG] Saved to cache (Length: 3213 , Path: 'A:\Modserver\.minecraft\assets\skins\7d\7df9a02b2756e1f078dbfe203fb3553df97a7f0dd6f18113fd91d0a4fb3ec28d' , Expire: -1)
[2024-01-09 19:29:35] [pool-7-thread-1 DEBUG] Try to request 'http://textures.minecraft.net/texture/2340c0e03dd24a11b15a8b33c2a7e9e32abb2051b2481d0ba7defd635ca7a933'.
[2024-01-09 19:29:35] [Render thread DEBUG] Loading type: SKIN
[2024-01-09 19:29:35] [Render thread INFO] ThreadDownloadImageData Class: net.minecraft.client.renderer.texture.DownloadingTexture
[2024-01-09 19:29:35] [pool-7-thread-1 DEBUG] Successfully request (Response Code: 200 , Content Length: 705)
[2024-01-09 19:29:35] [pool-7-thread-1 DEBUG] Saved to cache (Length: 705 , Path: 'A:\Modserver\.minecraft\assets\skins\23\2340c0e03dd24a11b15a8b33c2a7e9e32abb2051b2481d0ba7defd635ca7a933' , Expire: -1)
[2024-01-09 19:29:35] [Render thread DEBUG] Loading type: CAPE
